{"/home/robertspeer/Projects/GitRepo/nearest-nice-weather/apps/web/src/services/weatherApi.ts": {"path":"/home/robertspeer/Projects/GitRepo/nearest-nice-weather/apps/web/src/services/weatherApi.ts","all":false,"statementMap":{"3":{"start":{"line":4,"column":0},"end":{"line":4,"column":20}},"4":{"start":{"line":5,"column":0},"end":{"line":5,"column":55}},"5":{"start":{"line":6,"column":0},"end":{"line":6,"column":65}},"6":{"start":{"line":7,"column":0},"end":{"line":7,"column":1}},"9":{"start":{"line":10,"column":0},"end":{"line":10,"column":44}},"10":{"start":{"line":11,"column":0},"end":{"line":11,"column":56}},"11":{"start":{"line":12,"column":0},"end":{"line":12,"column":18}},"12":{"start":{"line":13,"column":0},"end":{"line":13,"column":33}},"13":{"start":{"line":14,"column":0},"end":{"line":14,"column":3}},"14":{"start":{"line":15,"column":0},"end":{"line":15,"column":1}},"16":{"start":{"line":17,"column":0},"end":{"line":17,"column":27}},"17":{"start":{"line":18,"column":0},"end":{"line":18,"column":45}},"18":{"start":{"line":19,"column":0},"end":{"line":19,"column":44}},"19":{"start":{"line":20,"column":0},"end":{"line":20,"column":78}},"21":{"start":{"line":22,"column":0},"end":{"line":22,"column":9}},"22":{"start":{"line":23,"column":0},"end":{"line":23,"column":88}},"23":{"start":{"line":24,"column":0},"end":{"line":24,"column":22}},"24":{"start":{"line":25,"column":0},"end":{"line":25,"column":34}},"25":{"start":{"line":26,"column":0},"end":{"line":26,"column":8}},"27":{"start":{"line":28,"column":0},"end":{"line":28,"column":29}},"29":{"start":{"line":30,"column":0},"end":{"line":30,"column":25}},"30":{"start":{"line":31,"column":0},"end":{"line":31,"column":34}},"31":{"start":{"line":32,"column":0},"end":{"line":32,"column":62}},"32":{"start":{"line":33,"column":0},"end":{"line":33,"column":25}},"33":{"start":{"line":34,"column":0},"end":{"line":34,"column":9}},"34":{"start":{"line":35,"column":0},"end":{"line":35,"column":7}},"36":{"start":{"line":37,"column":0},"end":{"line":37,"column":40}},"37":{"start":{"line":38,"column":0},"end":{"line":38,"column":28}},"38":{"start":{"line":39,"column":0},"end":{"line":39,"column":21}},"39":{"start":{"line":40,"column":0},"end":{"line":40,"column":29}},"41":{"start":{"line":42,"column":0},"end":{"line":42,"column":45}},"42":{"start":{"line":43,"column":0},"end":{"line":43,"column":19}},"43":{"start":{"line":44,"column":0},"end":{"line":44,"column":7}},"45":{"start":{"line":46,"column":0},"end":{"line":46,"column":66}},"46":{"start":{"line":47,"column":0},"end":{"line":47,"column":73}},"47":{"start":{"line":48,"column":0},"end":{"line":48,"column":7}},"49":{"start":{"line":50,"column":0},"end":{"line":50,"column":88}},"50":{"start":{"line":51,"column":0},"end":{"line":51,"column":5}},"51":{"start":{"line":52,"column":0},"end":{"line":52,"column":4}},"53":{"start":{"line":54,"column":0},"end":{"line":54,"column":89}},"54":{"start":{"line":55,"column":0},"end":{"line":55,"column":44}},"55":{"start":{"line":56,"column":0},"end":{"line":56,"column":78}},"57":{"start":{"line":58,"column":0},"end":{"line":58,"column":9}},"59":{"start":{"line":60,"column":0},"end":{"line":60,"column":26}},"60":{"start":{"line":61,"column":0},"end":{"line":61,"column":43}},"61":{"start":{"line":62,"column":0},"end":{"line":62,"column":35}},"62":{"start":{"line":63,"column":0},"end":{"line":63,"column":32}},"63":{"start":{"line":64,"column":0},"end":{"line":64,"column":36}},"64":{"start":{"line":65,"column":0},"end":{"line":65,"column":87}},"65":{"start":{"line":66,"column":0},"end":{"line":66,"column":39}},"66":{"start":{"line":67,"column":0},"end":{"line":67,"column":7}},"68":{"start":{"line":69,"column":0},"end":{"line":69,"column":53}},"69":{"start":{"line":70,"column":0},"end":{"line":70,"column":23}},"70":{"start":{"line":71,"column":0},"end":{"line":71,"column":18}},"71":{"start":{"line":72,"column":0},"end":{"line":72,"column":45}},"72":{"start":{"line":73,"column":0},"end":{"line":73,"column":44}},"73":{"start":{"line":74,"column":0},"end":{"line":74,"column":10}},"74":{"start":{"line":75,"column":0},"end":{"line":75,"column":41}},"75":{"start":{"line":76,"column":0},"end":{"line":76,"column":34}},"76":{"start":{"line":77,"column":0},"end":{"line":77,"column":8}},"78":{"start":{"line":79,"column":0},"end":{"line":79,"column":29}},"80":{"start":{"line":81,"column":0},"end":{"line":81,"column":25}},"81":{"start":{"line":82,"column":0},"end":{"line":82,"column":34}},"82":{"start":{"line":83,"column":0},"end":{"line":83,"column":62}},"83":{"start":{"line":84,"column":0},"end":{"line":84,"column":25}},"84":{"start":{"line":85,"column":0},"end":{"line":85,"column":9}},"85":{"start":{"line":86,"column":0},"end":{"line":86,"column":7}},"87":{"start":{"line":88,"column":0},"end":{"line":88,"column":40}},"89":{"start":{"line":90,"column":0},"end":{"line":90,"column":26}},"90":{"start":{"line":91,"column":0},"end":{"line":91,"column":76}},"91":{"start":{"line":92,"column":0},"end":{"line":92,"column":7}},"93":{"start":{"line":94,"column":0},"end":{"line":94,"column":14}},"94":{"start":{"line":95,"column":0},"end":{"line":95,"column":30}},"95":{"start":{"line":96,"column":0},"end":{"line":96,"column":67}},"96":{"start":{"line":97,"column":0},"end":{"line":97,"column":34}},"97":{"start":{"line":98,"column":0},"end":{"line":98,"column":7}},"98":{"start":{"line":99,"column":0},"end":{"line":99,"column":21}},"99":{"start":{"line":100,"column":0},"end":{"line":100,"column":29}},"101":{"start":{"line":102,"column":0},"end":{"line":102,"column":45}},"102":{"start":{"line":103,"column":0},"end":{"line":103,"column":19}},"103":{"start":{"line":104,"column":0},"end":{"line":104,"column":7}},"105":{"start":{"line":106,"column":0},"end":{"line":106,"column":66}},"106":{"start":{"line":107,"column":0},"end":{"line":107,"column":73}},"107":{"start":{"line":108,"column":0},"end":{"line":108,"column":7}},"109":{"start":{"line":110,"column":0},"end":{"line":110,"column":89}},"110":{"start":{"line":111,"column":0},"end":{"line":111,"column":5}},"111":{"start":{"line":112,"column":0},"end":{"line":112,"column":3}},"112":{"start":{"line":113,"column":0},"end":{"line":113,"column":1}},"114":{"start":{"line":115,"column":0},"end":{"line":115,"column":25}}},"s":{"3":1,"4":1,"5":1,"6":1,"9":1,"10":1,"11":12,"12":12,"13":12,"14":1,"16":1,"17":1,"18":0,"19":0,"21":0,"22":0,"23":0,"24":0,"25":0,"27":0,"29":0,"30":0,"31":0,"32":0,"33":0,"34":0,"36":0,"37":0,"38":0,"39":0,"41":0,"42":0,"43":0,"45":0,"46":0,"47":0,"49":0,"50":0,"51":0,"53":1,"54":0,"55":0,"57":0,"59":0,"60":0,"61":0,"62":0,"63":0,"64":0,"65":0,"66":0,"68":0,"69":0,"70":0,"71":0,"72":0,"73":0,"74":0,"75":0,"76":0,"78":0,"80":0,"81":0,"82":0,"83":0,"84":0,"85":0,"87":0,"89":0,"90":0,"91":0,"93":0,"94":0,"95":0,"96":0,"97":0,"98":0,"99":0,"101":0,"102":0,"103":0,"105":0,"106":0,"107":0,"109":0,"110":0,"111":0,"112":1,"114":1},"branchMap":{"0":{"type":"branch","line":11,"loc":{"start":{"line":11,"column":2},"end":{"line":14,"column":3}},"locations":[{"start":{"line":11,"column":2},"end":{"line":14,"column":3}}]}},"b":{"0":[12]},"fnMap":{"0":{"name":"WeatherApiError","decl":{"start":{"line":11,"column":2},"end":{"line":14,"column":3}},"loc":{"start":{"line":11,"column":2},"end":{"line":14,"column":3}},"line":11},"1":{"name":"getLocations","decl":{"start":{"line":18,"column":2},"end":{"line":52,"column":4}},"loc":{"start":{"line":18,"column":2},"end":{"line":52,"column":4}},"line":18},"2":{"name":"submitFeedback","decl":{"start":{"line":54,"column":2},"end":{"line":112,"column":3}},"loc":{"start":{"line":54,"column":2},"end":{"line":112,"column":3}},"line":54}},"f":{"0":12,"1":0,"2":0}}
,"/home/robertspeer/Projects/GitRepo/nearest-nice-weather/apps/web/src/utils/analytics.ts": {"path":"/home/robertspeer/Projects/GitRepo/nearest-nice-weather/apps/web/src/utils/analytics.ts","all":false,"statementMap":{"55":{"start":{"line":56,"column":0},"end":{"line":56,"column":51}},"57":{"start":{"line":58,"column":0},"end":{"line":58,"column":54}},"58":{"start":{"line":59,"column":0},"end":{"line":59,"column":50}},"59":{"start":{"line":60,"column":0},"end":{"line":60,"column":16}},"60":{"start":{"line":61,"column":0},"end":{"line":61,"column":3}},"63":{"start":{"line":64,"column":0},"end":{"line":64,"column":28}},"64":{"start":{"line":65,"column":0},"end":{"line":65,"column":81}},"65":{"start":{"line":66,"column":0},"end":{"line":66,"column":17}},"66":{"start":{"line":67,"column":0},"end":{"line":67,"column":3}},"68":{"start":{"line":69,"column":0},"end":{"line":69,"column":78}},"69":{"start":{"line":70,"column":0},"end":{"line":70,"column":15}},"70":{"start":{"line":71,"column":0},"end":{"line":71,"column":2}},"75":{"start":{"line":76,"column":0},"end":{"line":76,"column":82}},"76":{"start":{"line":77,"column":0},"end":{"line":77,"column":44}},"78":{"start":{"line":79,"column":0},"end":{"line":79,"column":65}},"79":{"start":{"line":80,"column":0},"end":{"line":80,"column":45}},"80":{"start":{"line":81,"column":0},"end":{"line":81,"column":35}},"82":{"start":{"line":83,"column":0},"end":{"line":83,"column":72}},"83":{"start":{"line":84,"column":0},"end":{"line":84,"column":3}},"84":{"start":{"line":85,"column":0},"end":{"line":85,"column":2}},"89":{"start":{"line":90,"column":0},"end":{"line":90,"column":81}},"90":{"start":{"line":91,"column":0},"end":{"line":91,"column":33}},"91":{"start":{"line":92,"column":0},"end":{"line":92,"column":11}},"92":{"start":{"line":93,"column":0},"end":{"line":93,"column":23}},"93":{"start":{"line":94,"column":0},"end":{"line":94,"column":41}},"94":{"start":{"line":95,"column":0},"end":{"line":95,"column":33}},"95":{"start":{"line":96,"column":0},"end":{"line":96,"column":29}},"96":{"start":{"line":97,"column":0},"end":{"line":97,"column":71}},"97":{"start":{"line":98,"column":0},"end":{"line":98,"column":5}},"98":{"start":{"line":99,"column":0},"end":{"line":99,"column":2}},"103":{"start":{"line":104,"column":0},"end":{"line":104,"column":101}},"104":{"start":{"line":105,"column":0},"end":{"line":105,"column":32}},"105":{"start":{"line":106,"column":0},"end":{"line":106,"column":28}},"106":{"start":{"line":107,"column":0},"end":{"line":107,"column":61}},"107":{"start":{"line":108,"column":0},"end":{"line":108,"column":66}},"108":{"start":{"line":109,"column":0},"end":{"line":109,"column":49}},"109":{"start":{"line":110,"column":0},"end":{"line":110,"column":34}},"110":{"start":{"line":111,"column":0},"end":{"line":111,"column":51}},"111":{"start":{"line":112,"column":0},"end":{"line":112,"column":5}},"112":{"start":{"line":113,"column":0},"end":{"line":113,"column":2}},"117":{"start":{"line":118,"column":0},"end":{"line":118,"column":75}},"118":{"start":{"line":119,"column":0},"end":{"line":119,"column":33}},"119":{"start":{"line":120,"column":0},"end":{"line":120,"column":28}},"120":{"start":{"line":121,"column":0},"end":{"line":121,"column":39}},"122":{"start":{"line":123,"column":0},"end":{"line":123,"column":72}},"123":{"start":{"line":124,"column":0},"end":{"line":124,"column":73}},"124":{"start":{"line":125,"column":0},"end":{"line":125,"column":5}},"125":{"start":{"line":126,"column":0},"end":{"line":126,"column":2}},"130":{"start":{"line":131,"column":0},"end":{"line":131,"column":89}},"131":{"start":{"line":132,"column":0},"end":{"line":132,"column":28}},"132":{"start":{"line":133,"column":0},"end":{"line":133,"column":53}},"133":{"start":{"line":134,"column":0},"end":{"line":134,"column":14}},"134":{"start":{"line":135,"column":0},"end":{"line":135,"column":5}},"135":{"start":{"line":136,"column":0},"end":{"line":136,"column":2}},"140":{"start":{"line":141,"column":0},"end":{"line":141,"column":92}},"141":{"start":{"line":142,"column":0},"end":{"line":142,"column":31}},"142":{"start":{"line":143,"column":0},"end":{"line":143,"column":67}},"143":{"start":{"line":144,"column":0},"end":{"line":144,"column":14}},"144":{"start":{"line":145,"column":0},"end":{"line":145,"column":5}},"145":{"start":{"line":146,"column":0},"end":{"line":146,"column":2}},"150":{"start":{"line":151,"column":0},"end":{"line":151,"column":87}},"151":{"start":{"line":152,"column":0},"end":{"line":152,"column":23}},"152":{"start":{"line":153,"column":0},"end":{"line":153,"column":26}},"153":{"start":{"line":154,"column":0},"end":{"line":154,"column":14}},"154":{"start":{"line":155,"column":0},"end":{"line":155,"column":5}},"155":{"start":{"line":156,"column":0},"end":{"line":156,"column":2}},"160":{"start":{"line":161,"column":0},"end":{"line":161,"column":55}},"161":{"start":{"line":162,"column":0},"end":{"line":162,"column":54}},"163":{"start":{"line":164,"column":0},"end":{"line":164,"column":29}},"164":{"start":{"line":165,"column":0},"end":{"line":165,"column":44}},"165":{"start":{"line":166,"column":0},"end":{"line":166,"column":7}},"166":{"start":{"line":167,"column":0},"end":{"line":167,"column":3}},"167":{"start":{"line":168,"column":0},"end":{"line":168,"column":2}},"172":{"start":{"line":173,"column":0},"end":{"line":173,"column":50}},"173":{"start":{"line":174,"column":0},"end":{"line":174,"column":42}},"174":{"start":{"line":175,"column":0},"end":{"line":175,"column":39}},"175":{"start":{"line":176,"column":0},"end":{"line":176,"column":50}},"176":{"start":{"line":177,"column":0},"end":{"line":177,"column":2}},"179":{"start":{"line":180,"column":0},"end":{"line":180,"column":53}}},"s":{"55":1,"57":1,"58":2,"59":2,"60":2,"63":3,"64":3,"65":3,"66":3,"68":0,"69":0,"70":0,"75":1,"76":32,"78":32,"79":22,"80":32,"82":4,"83":4,"84":32,"89":1,"90":7,"91":7,"92":7,"93":7,"94":7,"95":7,"96":7,"97":7,"98":7,"103":1,"104":5,"105":5,"106":5,"107":5,"108":5,"109":5,"110":5,"111":5,"112":5,"117":1,"118":6,"119":6,"120":6,"122":6,"123":6,"124":6,"125":6,"130":1,"131":4,"132":4,"133":4,"134":4,"135":4,"140":1,"141":5,"142":5,"143":5,"144":5,"145":5,"150":1,"151":3,"152":3,"153":3,"154":3,"155":3,"160":1,"161":4,"163":2,"164":2,"165":2,"166":2,"167":4,"172":1,"173":4,"174":3,"175":2,"176":4,"179":1},"branchMap":{"0":{"type":"branch","line":58,"loc":{"start":{"line":58,"column":24},"end":{"line":58,"column":53}},"locations":[{"start":{"line":58,"column":24},"end":{"line":58,"column":53}}]},"1":{"type":"branch","line":58,"loc":{"start":{"line":58,"column":53},"end":{"line":61,"column":3}},"locations":[{"start":{"line":58,"column":53},"end":{"line":61,"column":3}}]},"2":{"type":"branch","line":61,"loc":{"start":{"line":61,"column":2},"end":{"line":67,"column":3}},"locations":[{"start":{"line":61,"column":2},"end":{"line":67,"column":3}}]},"3":{"type":"branch","line":67,"loc":{"start":{"line":67,"column":2},"end":{"line":71,"column":2}},"locations":[{"start":{"line":67,"column":2},"end":{"line":71,"column":2}}]},"4":{"type":"branch","line":76,"loc":{"start":{"line":76,"column":19},"end":{"line":85,"column":2}},"locations":[{"start":{"line":76,"column":19},"end":{"line":85,"column":2}}]},"5":{"type":"branch","line":77,"loc":{"start":{"line":77,"column":37},"end":{"line":77,"column":44}},"locations":[{"start":{"line":77,"column":37},"end":{"line":77,"column":44}}]},"6":{"type":"branch","line":77,"loc":{"start":{"line":77,"column":37},"end":{"line":79,"column":22}},"locations":[{"start":{"line":77,"column":37},"end":{"line":79,"column":22}}]},"7":{"type":"branch","line":79,"loc":{"start":{"line":79,"column":13},"end":{"line":79,"column":64}},"locations":[{"start":{"line":79,"column":13},"end":{"line":79,"column":64}}]},"8":{"type":"branch","line":79,"loc":{"start":{"line":79,"column":64},"end":{"line":81,"column":13}},"locations":[{"start":{"line":79,"column":64},"end":{"line":81,"column":13}}]},"9":{"type":"branch","line":81,"loc":{"start":{"line":81,"column":2},"end":{"line":84,"column":3}},"locations":[{"start":{"line":81,"column":2},"end":{"line":84,"column":3}}]},"10":{"type":"branch","line":83,"loc":{"start":{"line":83,"column":48},"end":{"line":83,"column":70}},"locations":[{"start":{"line":83,"column":48},"end":{"line":83,"column":70}}]},"11":{"type":"branch","line":90,"loc":{"start":{"line":90,"column":35},"end":{"line":99,"column":2}},"locations":[{"start":{"line":90,"column":35},"end":{"line":99,"column":2}}]},"12":{"type":"branch","line":94,"loc":{"start":{"line":94,"column":18},"end":{"line":94,"column":41}},"locations":[{"start":{"line":94,"column":18},"end":{"line":94,"column":41}}]},"13":{"type":"branch","line":97,"loc":{"start":{"line":97,"column":24},"end":{"line":97,"column":62}},"locations":[{"start":{"line":97,"column":24},"end":{"line":97,"column":62}}]},"14":{"type":"branch","line":97,"loc":{"start":{"line":97,"column":58},"end":{"line":97,"column":71}},"locations":[{"start":{"line":97,"column":58},"end":{"line":97,"column":71}}]},"15":{"type":"branch","line":104,"loc":{"start":{"line":104,"column":34},"end":{"line":113,"column":2}},"locations":[{"start":{"line":104,"column":34},"end":{"line":113,"column":2}}]},"16":{"type":"branch","line":107,"loc":{"start":{"line":107,"column":27},"end":{"line":107,"column":61}},"locations":[{"start":{"line":107,"column":27},"end":{"line":107,"column":61}}]},"17":{"type":"branch","line":107,"loc":{"start":{"line":107,"column":50},"end":{"line":108,"column":56}},"locations":[{"start":{"line":107,"column":50},"end":{"line":108,"column":56}}]},"18":{"type":"branch","line":108,"loc":{"start":{"line":108,"column":51},"end":{"line":108,"column":66}},"locations":[{"start":{"line":108,"column":51},"end":{"line":108,"column":66}}]},"19":{"type":"branch","line":109,"loc":{"start":{"line":109,"column":27},"end":{"line":109,"column":44}},"locations":[{"start":{"line":109,"column":27},"end":{"line":109,"column":44}}]},"20":{"type":"branch","line":118,"loc":{"start":{"line":118,"column":35},"end":{"line":126,"column":2}},"locations":[{"start":{"line":118,"column":35},"end":{"line":126,"column":2}}]},"21":{"type":"branch","line":131,"loc":{"start":{"line":131,"column":31},"end":{"line":136,"column":2}},"locations":[{"start":{"line":131,"column":31},"end":{"line":136,"column":2}}]},"22":{"type":"branch","line":141,"loc":{"start":{"line":141,"column":33},"end":{"line":146,"column":2}},"locations":[{"start":{"line":141,"column":33},"end":{"line":146,"column":2}}]},"23":{"type":"branch","line":151,"loc":{"start":{"line":151,"column":26},"end":{"line":156,"column":2}},"locations":[{"start":{"line":151,"column":26},"end":{"line":156,"column":2}}]},"24":{"type":"branch","line":161,"loc":{"start":{"line":161,"column":29},"end":{"line":168,"column":2}},"locations":[{"start":{"line":161,"column":29},"end":{"line":168,"column":2}}]},"25":{"type":"branch","line":162,"loc":{"start":{"line":162,"column":24},"end":{"line":162,"column":53}},"locations":[{"start":{"line":162,"column":24},"end":{"line":162,"column":53}}]},"26":{"type":"branch","line":162,"loc":{"start":{"line":162,"column":53},"end":{"line":167,"column":3}},"locations":[{"start":{"line":162,"column":53},"end":{"line":167,"column":3}}]},"27":{"type":"branch","line":165,"loc":{"start":{"line":165,"column":12},"end":{"line":165,"column":44}},"locations":[{"start":{"line":165,"column":12},"end":{"line":165,"column":44}}]},"28":{"type":"branch","line":173,"loc":{"start":{"line":173,"column":34},"end":{"line":177,"column":2}},"locations":[{"start":{"line":173,"column":34},"end":{"line":177,"column":2}}]},"29":{"type":"branch","line":174,"loc":{"start":{"line":174,"column":27},"end":{"line":175,"column":39}},"locations":[{"start":{"line":174,"column":27},"end":{"line":175,"column":39}}]},"30":{"type":"branch","line":175,"loc":{"start":{"line":175,"column":26},"end":{"line":176,"column":50}},"locations":[{"start":{"line":175,"column":26},"end":{"line":176,"column":50}}]}},"b":{"0":[4],"1":[2],"2":[3],"3":[0],"4":[32],"5":[6],"6":[26],"7":[23],"8":[22],"9":[4],"10":[0],"11":[7],"12":[6],"13":[3],"14":[4],"15":[5],"16":[3],"17":[3],"18":[2],"19":[3],"20":[6],"21":[4],"22":[5],"23":[3],"24":[4],"25":[3],"26":[2],"27":[1],"28":[4],"29":[3],"30":[2]},"fnMap":{"0":{"name":"trackEvent","decl":{"start":{"line":76,"column":19},"end":{"line":85,"column":2}},"loc":{"start":{"line":76,"column":19},"end":{"line":85,"column":2}},"line":76},"1":{"name":"trackPOIInteraction","decl":{"start":{"line":90,"column":35},"end":{"line":99,"column":2}},"loc":{"start":{"line":90,"column":35},"end":{"line":99,"column":2}},"line":90},"2":{"name":"trackWeatherFilter","decl":{"start":{"line":104,"column":34},"end":{"line":113,"column":2}},"loc":{"start":{"line":104,"column":34},"end":{"line":113,"column":2}},"line":104},"3":{"name":"trackLocationUpdate","decl":{"start":{"line":118,"column":35},"end":{"line":126,"column":2}},"loc":{"start":{"line":118,"column":35},"end":{"line":126,"column":2}},"line":118},"4":{"name":"trackNavigation","decl":{"start":{"line":131,"column":31},"end":{"line":136,"column":2}},"loc":{"start":{"line":131,"column":31},"end":{"line":136,"column":2}},"line":131},"5":{"name":"trackFeatureUsage","decl":{"start":{"line":141,"column":33},"end":{"line":146,"column":2}},"loc":{"start":{"line":141,"column":33},"end":{"line":146,"column":2}},"line":141},"6":{"name":"trackError","decl":{"start":{"line":151,"column":26},"end":{"line":156,"column":2}},"loc":{"start":{"line":151,"column":26},"end":{"line":156,"column":2}},"line":151},"7":{"name":"trackPageView","decl":{"start":{"line":161,"column":29},"end":{"line":168,"column":2}},"loc":{"start":{"line":161,"column":29},"end":{"line":168,"column":2}},"line":161},"8":{"name":"isAnalyticsEnabled","decl":{"start":{"line":173,"column":34},"end":{"line":177,"column":2}},"loc":{"start":{"line":173,"column":34},"end":{"line":177,"column":2}},"line":173}},"f":{"0":32,"1":7,"2":5,"3":6,"4":4,"5":5,"6":3,"7":4,"8":4}}
,"/home/robertspeer/Projects/GitRepo/nearest-nice-weather/apps/web/src/utils/sanitize.ts": {"path":"/home/robertspeer/Projects/GitRepo/nearest-nice-weather/apps/web/src/utils/sanitize.ts","all":false,"statementMap":{"11":{"start":{"line":12,"column":0},"end":{"line":12,"column":61}},"12":{"start":{"line":13,"column":0},"end":{"line":13,"column":32}},"13":{"start":{"line":14,"column":0},"end":{"line":14,"column":26}},"14":{"start":{"line":15,"column":0},"end":{"line":15,"column":3}},"16":{"start":{"line":17,"column":0},"end":{"line":17,"column":13}},"17":{"start":{"line":18,"column":0},"end":{"line":18,"column":14}},"18":{"start":{"line":19,"column":0},"end":{"line":19,"column":3}},"20":{"start":{"line":21,"column":0},"end":{"line":21,"column":44}},"21":{"start":{"line":22,"column":0},"end":{"line":22,"column":24}},"22":{"start":{"line":23,"column":0},"end":{"line":23,"column":23}},"23":{"start":{"line":24,"column":0},"end":{"line":24,"column":2}},"30":{"start":{"line":31,"column":0},"end":{"line":31,"column":53}},"31":{"start":{"line":32,"column":0},"end":{"line":32,"column":22}},"34":{"start":{"line":35,"column":0},"end":{"line":35,"column":44}},"35":{"start":{"line":36,"column":0},"end":{"line":36,"column":75}},"36":{"start":{"line":37,"column":0},"end":{"line":37,"column":14}},"37":{"start":{"line":38,"column":0},"end":{"line":38,"column":3}},"39":{"start":{"line":40,"column":0},"end":{"line":40,"column":7}},"40":{"start":{"line":41,"column":0},"end":{"line":41,"column":56}},"42":{"start":{"line":43,"column":0},"end":{"line":43,"column":67}},"43":{"start":{"line":44,"column":0},"end":{"line":44,"column":31}},"44":{"start":{"line":45,"column":0},"end":{"line":45,"column":5}},"45":{"start":{"line":46,"column":0},"end":{"line":46,"column":11}},"47":{"start":{"line":48,"column":0},"end":{"line":48,"column":14}},"48":{"start":{"line":49,"column":0},"end":{"line":49,"column":3}},"50":{"start":{"line":51,"column":0},"end":{"line":51,"column":12}},"51":{"start":{"line":52,"column":0},"end":{"line":52,"column":2}},"58":{"start":{"line":59,"column":0},"end":{"line":59,"column":77}},"59":{"start":{"line":60,"column":0},"end":{"line":60,"column":31}},"61":{"start":{"line":62,"column":0},"end":{"line":62,"column":57}},"62":{"start":{"line":63,"column":0},"end":{"line":63,"column":36}},"63":{"start":{"line":64,"column":0},"end":{"line":64,"column":41}},"64":{"start":{"line":65,"column":0},"end":{"line":65,"column":5}},"65":{"start":{"line":66,"column":0},"end":{"line":66,"column":3}},"67":{"start":{"line":68,"column":0},"end":{"line":68,"column":19}},"68":{"start":{"line":69,"column":0},"end":{"line":69,"column":2}}},"s":{"11":1,"12":521,"13":2,"14":2,"16":521,"17":3,"18":3,"20":516,"21":516,"22":516,"23":516,"30":1,"31":19,"34":16,"35":19,"36":5,"37":5,"39":11,"40":11,"42":19,"43":8,"44":8,"45":19,"47":1,"48":1,"50":2,"51":2,"58":1,"59":9,"61":9,"62":1023,"63":510,"64":510,"65":1023,"67":9,"68":9},"branchMap":{"0":{"type":"branch","line":12,"loc":{"start":{"line":12,"column":26},"end":{"line":24,"column":2}},"locations":[{"start":{"line":12,"column":26},"end":{"line":24,"column":2}}]},"1":{"type":"branch","line":13,"loc":{"start":{"line":13,"column":31},"end":{"line":15,"column":3}},"locations":[{"start":{"line":13,"column":31},"end":{"line":15,"column":3}}]},"2":{"type":"branch","line":15,"loc":{"start":{"line":15,"column":2},"end":{"line":17,"column":12}},"locations":[{"start":{"line":15,"column":2},"end":{"line":17,"column":12}}]},"3":{"type":"branch","line":17,"loc":{"start":{"line":17,"column":12},"end":{"line":19,"column":3}},"locations":[{"start":{"line":17,"column":12},"end":{"line":19,"column":3}}]},"4":{"type":"branch","line":19,"loc":{"start":{"line":19,"column":2},"end":{"line":24,"column":2}},"locations":[{"start":{"line":19,"column":2},"end":{"line":24,"column":2}}]},"5":{"type":"branch","line":31,"loc":{"start":{"line":31,"column":27},"end":{"line":52,"column":2}},"locations":[{"start":{"line":31,"column":27},"end":{"line":52,"column":2}}]},"6":{"type":"branch","line":32,"loc":{"start":{"line":32,"column":12},"end":{"line":32,"column":22}},"locations":[{"start":{"line":32,"column":12},"end":{"line":32,"column":22}}]},"7":{"type":"branch","line":32,"loc":{"start":{"line":32,"column":19},"end":{"line":36,"column":44}},"locations":[{"start":{"line":32,"column":19},"end":{"line":36,"column":44}}]},"8":{"type":"branch","line":36,"loc":{"start":{"line":36,"column":39},"end":{"line":36,"column":74}},"locations":[{"start":{"line":36,"column":39},"end":{"line":36,"column":74}}]},"9":{"type":"branch","line":36,"loc":{"start":{"line":36,"column":74},"end":{"line":38,"column":3}},"locations":[{"start":{"line":36,"column":74},"end":{"line":38,"column":3}}]},"10":{"type":"branch","line":38,"loc":{"start":{"line":38,"column":2},"end":{"line":43,"column":66}},"locations":[{"start":{"line":38,"column":2},"end":{"line":43,"column":66}}]},"11":{"type":"branch","line":43,"loc":{"start":{"line":43,"column":66},"end":{"line":45,"column":5}},"locations":[{"start":{"line":43,"column":66},"end":{"line":45,"column":5}}]},"12":{"type":"branch","line":46,"loc":{"start":{"line":46,"column":2},"end":{"line":49,"column":3}},"locations":[{"start":{"line":46,"column":2},"end":{"line":49,"column":3}}]},"13":{"type":"branch","line":49,"loc":{"start":{"line":49,"column":2},"end":{"line":52,"column":2}},"locations":[{"start":{"line":49,"column":2},"end":{"line":52,"column":2}}]},"14":{"type":"branch","line":59,"loc":{"start":{"line":59,"column":30},"end":{"line":69,"column":2}},"locations":[{"start":{"line":59,"column":30},"end":{"line":69,"column":2}}]},"15":{"type":"branch","line":62,"loc":{"start":{"line":62,"column":56},"end":{"line":66,"column":3}},"locations":[{"start":{"line":62,"column":56},"end":{"line":66,"column":3}}]},"16":{"type":"branch","line":63,"loc":{"start":{"line":63,"column":35},"end":{"line":65,"column":5}},"locations":[{"start":{"line":63,"column":35},"end":{"line":65,"column":5}}]}},"b":{"0":[521],"1":[2],"2":[519],"3":[3],"4":[516],"5":[19],"6":[3],"7":[16],"8":[13],"9":[5],"10":[11],"11":[8],"12":[1],"13":[2],"14":[9],"15":[1023],"16":[510]},"fnMap":{"0":{"name":"escapeHtml","decl":{"start":{"line":12,"column":26},"end":{"line":24,"column":2}},"loc":{"start":{"line":12,"column":26},"end":{"line":24,"column":2}},"line":12},"1":{"name":"sanitizeUrl","decl":{"start":{"line":31,"column":27},"end":{"line":52,"column":2}},"loc":{"start":{"line":31,"column":27},"end":{"line":52,"column":2}},"line":31},"2":{"name":"sanitizeObject","decl":{"start":{"line":59,"column":30},"end":{"line":69,"column":2}},"loc":{"start":{"line":59,"column":30},"end":{"line":69,"column":2}},"line":59}},"f":{"0":521,"1":19,"2":9}}
}
